2021-08-04 10:29:27,353 [Worker-5: Loading available Gradle versions] INFO  o.e.b.c.i.u.g.PublishedGradleVersions - Gradle version information cache is up-to-date. Trying to read.
2021-08-04 15:55:33,389 [Worker-7: Loading available Gradle versions] INFO  o.e.b.c.i.u.g.PublishedGradleVersions - Gradle version information cache is up-to-date. Trying to read.
2021-08-04 15:59:44,891 [Worker-5: Creating maven-archetype-quickstart] INFO  o.e.m.c.i.p.ProjectConfigurationManager - Collecting project info '/pom.xml' C:\Users\d976833\DB_Bootcamp\Desktop\Bootcamp\Lecture 12\SonarQube\pom.xml
2021-08-04 15:59:46,773 [Worker-5: Creating maven-archetype-quickstart] INFO  o.e.m.c.i.l.LifecycleMappingFactory - Using org.eclipse.m2e.jdt.JarLifecycleMapping lifecycle mapping for MavenProject: Maven_project_Demo:SonarQube:0.0.1-SNAPSHOT @ C:\Users\d976833\DB_Bootcamp\Desktop\Bootcamp\Lecture 12\SonarQube\pom.xml.
2021-08-04 15:59:47,976 [Worker-5: Creating maven-archetype-quickstart] INFO  o.e.m.j.i.AbstractJavaProjectConfigurator - Adding source folder /SonarQube/src/main/java
2021-08-04 15:59:47,988 [Worker-5: Creating maven-archetype-quickstart] INFO  o.e.m.j.i.AbstractJavaProjectConfigurator - Adding source folder /SonarQube/src/test/java
2021-08-04 15:59:48,585 [Worker-5: Creating maven-archetype-quickstart] INFO  o.e.m.c.i.p.ProjectConfigurationManager - Imported and configured 1 project(s) in 3 sec
2021-08-04 15:59:49,762 [Worker-22: Building] INFO  o.e.m.c.i.embedder.EclipseLogger - Using 'UTF-8' encoding to copy filtered resources.
2021-08-04 15:59:49,762 [Worker-22: Building] INFO  o.e.m.c.i.embedder.EclipseLogger - skip non existing resourceDirectory C:\Users\d976833\DB_Bootcamp\Desktop\Bootcamp\Lecture 12\SonarQube\src\main\resources
2021-08-04 15:59:49,764 [Worker-22: Building] INFO  o.e.m.c.i.embedder.EclipseLogger - Using 'UTF-8' encoding to copy filtered resources.
2021-08-04 15:59:49,764 [Worker-22: Building] INFO  o.e.m.c.i.embedder.EclipseLogger - skip non existing resourceDirectory C:\Users\d976833\DB_Bootcamp\Desktop\Bootcamp\Lecture 12\SonarQube\src\test\resources
2021-08-04 16:05:22,500 [Worker-25: Building] INFO  o.e.m.c.i.embedder.EclipseLogger - Using 'UTF-8' encoding to copy filtered resources.
2021-08-04 16:05:22,501 [Worker-25: Building] INFO  o.e.m.c.i.embedder.EclipseLogger - skip non existing resourceDirectory C:\Users\d976833\DB_Bootcamp\Desktop\Bootcamp\Lecture 12\SonarQube\src\main\resources
2021-08-04 16:05:22,502 [Worker-25: Building] INFO  o.e.m.c.i.embedder.EclipseLogger - Using 'UTF-8' encoding to copy filtered resources.
2021-08-04 16:05:22,502 [Worker-25: Building] INFO  o.e.m.c.i.embedder.EclipseLogger - skip non existing resourceDirectory C:\Users\d976833\DB_Bootcamp\Desktop\Bootcamp\Lecture 12\SonarQube\src\test\resources
2021-08-04 16:05:32,072 [Worker-22: Building] INFO  o.e.m.c.i.embedder.EclipseLogger - Using 'UTF-8' encoding to copy filtered resources.
2021-08-04 16:05:32,072 [Worker-22: Building] INFO  o.e.m.c.i.embedder.EclipseLogger - skip non existing resourceDirectory C:\Users\d976833\DB_Bootcamp\Desktop\Bootcamp\Lecture 12\SonarQube\src\main\resources
2021-08-04 16:05:32,074 [Worker-22: Building] INFO  o.e.m.c.i.embedder.EclipseLogger - Using 'UTF-8' encoding to copy filtered resources.
2021-08-04 16:05:32,074 [Worker-22: Building] INFO  o.e.m.c.i.embedder.EclipseLogger - skip non existing resourceDirectory C:\Users\d976833\DB_Bootcamp\Desktop\Bootcamp\Lecture 12\SonarQube\src\test\resources
2021-08-04 16:18:28,394 [Worker-31: Building] INFO  o.e.m.c.i.embedder.EclipseLogger - Using 'UTF-8' encoding to copy filtered resources.
2021-08-04 16:18:28,395 [Worker-31: Building] INFO  o.e.m.c.i.embedder.EclipseLogger - skip non existing resourceDirectory C:\Users\d976833\DB_Bootcamp\Desktop\Bootcamp\Lecture 12\SonarQube\src\main\resources
2021-08-04 16:18:28,397 [Worker-31: Building] INFO  o.e.m.c.i.embedder.EclipseLogger - Using 'UTF-8' encoding to copy filtered resources.
2021-08-04 16:18:28,397 [Worker-31: Building] INFO  o.e.m.c.i.embedder.EclipseLogger - skip non existing resourceDirectory C:\Users\d976833\DB_Bootcamp\Desktop\Bootcamp\Lecture 12\SonarQube\src\test\resources
2021-08-04 16:18:39,556 [Worker-29: Building] INFO  o.e.m.c.i.embedder.EclipseLogger - Using 'UTF-8' encoding to copy filtered resources.
2021-08-04 16:18:39,556 [Worker-29: Building] INFO  o.e.m.c.i.embedder.EclipseLogger - skip non existing resourceDirectory C:\Users\d976833\DB_Bootcamp\Desktop\Bootcamp\Lecture 12\SonarQube\src\main\resources
2021-08-04 16:18:39,557 [Worker-29: Building] INFO  o.e.m.c.i.embedder.EclipseLogger - Using 'UTF-8' encoding to copy filtered resources.
2021-08-04 16:18:39,558 [Worker-29: Building] INFO  o.e.m.c.i.embedder.EclipseLogger - skip non existing resourceDirectory C:\Users\d976833\DB_Bootcamp\Desktop\Bootcamp\Lecture 12\SonarQube\src\test\resources
2021-08-04 16:18:56,663 [Worker-30: Building] INFO  o.e.m.c.i.embedder.EclipseLogger - Using 'UTF-8' encoding to copy filtered resources.
2021-08-04 16:18:56,663 [Worker-30: Building] INFO  o.e.m.c.i.embedder.EclipseLogger - skip non existing resourceDirectory C:\Users\d976833\DB_Bootcamp\Desktop\Bootcamp\Lecture 12\SonarQube\src\main\resources
2021-08-04 16:18:56,665 [Worker-30: Building] INFO  o.e.m.c.i.embedder.EclipseLogger - Using 'UTF-8' encoding to copy filtered resources.
2021-08-04 16:18:56,665 [Worker-30: Building] INFO  o.e.m.c.i.embedder.EclipseLogger - skip non existing resourceDirectory C:\Users\d976833\DB_Bootcamp\Desktop\Bootcamp\Lecture 12\SonarQube\src\test\resources
2021-08-04 16:19:05,746 [Worker-22: Building] INFO  o.e.m.c.i.embedder.EclipseLogger - Using 'UTF-8' encoding to copy filtered resources.
2021-08-04 16:19:05,746 [Worker-22: Building] INFO  o.e.m.c.i.embedder.EclipseLogger - skip non existing resourceDirectory C:\Users\d976833\DB_Bootcamp\Desktop\Bootcamp\Lecture 12\SonarQube\src\main\resources
2021-08-04 16:19:05,747 [Worker-22: Building] INFO  o.e.m.c.i.embedder.EclipseLogger - Using 'UTF-8' encoding to copy filtered resources.
2021-08-04 16:19:05,748 [Worker-22: Building] INFO  o.e.m.c.i.embedder.EclipseLogger - skip non existing resourceDirectory C:\Users\d976833\DB_Bootcamp\Desktop\Bootcamp\Lecture 12\SonarQube\src\test\resources
2021-08-04 16:20:28,757 [Worker-31: Building] INFO  o.e.m.c.i.embedder.EclipseLogger - Using 'UTF-8' encoding to copy filtered resources.
2021-08-04 16:20:28,758 [Worker-31: Building] INFO  o.e.m.c.i.embedder.EclipseLogger - skip non existing resourceDirectory C:\Users\d976833\DB_Bootcamp\Desktop\Bootcamp\Lecture 12\SonarQube\src\main\resources
2021-08-04 16:20:28,761 [Worker-31: Building] INFO  o.e.m.c.i.embedder.EclipseLogger - Using 'UTF-8' encoding to copy filtered resources.
2021-08-04 16:20:28,761 [Worker-31: Building] INFO  o.e.m.c.i.embedder.EclipseLogger - skip non existing resourceDirectory C:\Users\d976833\DB_Bootcamp\Desktop\Bootcamp\Lecture 12\SonarQube\src\test\resources
2021-08-04 16:20:59,644 [Worker-22: Building] INFO  o.e.m.c.i.embedder.EclipseLogger - Using 'UTF-8' encoding to copy filtered resources.
2021-08-04 16:20:59,644 [Worker-22: Building] INFO  o.e.m.c.i.embedder.EclipseLogger - skip non existing resourceDirectory C:\Users\d976833\DB_Bootcamp\Desktop\Bootcamp\Lecture 12\SonarQube\src\main\resources
2021-08-04 16:20:59,646 [Worker-22: Building] INFO  o.e.m.c.i.embedder.EclipseLogger - Using 'UTF-8' encoding to copy filtered resources.
2021-08-04 16:20:59,646 [Worker-22: Building] INFO  o.e.m.c.i.embedder.EclipseLogger - skip non existing resourceDirectory C:\Users\d976833\DB_Bootcamp\Desktop\Bootcamp\Lecture 12\SonarQube\src\test\resources
2021-08-04 16:21:09,122 [Worker-31: Building] INFO  o.e.m.c.i.embedder.EclipseLogger - Using 'UTF-8' encoding to copy filtered resources.
2021-08-04 16:21:09,123 [Worker-31: Building] INFO  o.e.m.c.i.embedder.EclipseLogger - skip non existing resourceDirectory C:\Users\d976833\DB_Bootcamp\Desktop\Bootcamp\Lecture 12\SonarQube\src\main\resources
2021-08-04 16:21:09,125 [Worker-31: Building] INFO  o.e.m.c.i.embedder.EclipseLogger - Using 'UTF-8' encoding to copy filtered resources.
2021-08-04 16:21:09,125 [Worker-31: Building] INFO  o.e.m.c.i.embedder.EclipseLogger - skip non existing resourceDirectory C:\Users\d976833\DB_Bootcamp\Desktop\Bootcamp\Lecture 12\SonarQube\src\test\resources
2021-08-04 16:21:34,295 [Worker-22: Building] INFO  o.e.m.c.i.embedder.EclipseLogger - Using 'UTF-8' encoding to copy filtered resources.
2021-08-04 16:21:34,296 [Worker-22: Building] INFO  o.e.m.c.i.embedder.EclipseLogger - skip non existing resourceDirectory C:\Users\d976833\DB_Bootcamp\Desktop\Bootcamp\Lecture 12\SonarQube\src\main\resources
2021-08-04 16:21:34,297 [Worker-22: Building] INFO  o.e.m.c.i.embedder.EclipseLogger - Using 'UTF-8' encoding to copy filtered resources.
2021-08-04 16:21:34,297 [Worker-22: Building] INFO  o.e.m.c.i.embedder.EclipseLogger - skip non existing resourceDirectory C:\Users\d976833\DB_Bootcamp\Desktop\Bootcamp\Lecture 12\SonarQube\src\test\resources
2021-08-04 16:21:55,865 [Worker-33: Building] INFO  o.e.m.c.i.embedder.EclipseLogger - Using 'UTF-8' encoding to copy filtered resources.
2021-08-04 16:21:55,865 [Worker-33: Building] INFO  o.e.m.c.i.embedder.EclipseLogger - skip non existing resourceDirectory C:\Users\d976833\DB_Bootcamp\Desktop\Bootcamp\Lecture 12\SonarQube\src\main\resources
2021-08-04 16:21:55,866 [Worker-33: Building] INFO  o.e.m.c.i.embedder.EclipseLogger - Using 'UTF-8' encoding to copy filtered resources.
2021-08-04 16:21:55,867 [Worker-33: Building] INFO  o.e.m.c.i.embedder.EclipseLogger - skip non existing resourceDirectory C:\Users\d976833\DB_Bootcamp\Desktop\Bootcamp\Lecture 12\SonarQube\src\test\resources
2021-08-04 16:24:30,767 [main] INFO  o.e.m2e.actions.ExecutePomAction - Creating new launch configuration
2021-08-04 16:25:01,001 [Worker-36: Launching SonarQube] INFO  o.e.m.i.launch.MavenLaunchDelegate - C:\Users\d976833\DB_Bootcamp\Desktop\Bootcamp\Lecture 12\SonarQube
2021-08-04 16:25:01,025 [Worker-36: Launching SonarQube] INFO  o.e.m.i.launch.MavenLaunchDelegate -  mvn -B mvn sonar:sonar-Dsonar.projectKey=My_Project_sample -Dsonar.host.url=http://localhost:9000
2021-08-04 16:25:43,830 [Worker-36: Searching...] INFO  o.e.m.c.i.e.AbstractTransferListenerAdapter - Downloading https://repo.maven.apache.org/maven2/io/takari/m2e/workspace/org.eclipse.m2e.workspace.cli/0.3.1/org.eclipse.m2e.workspace.cli-0.3.1-sources.jar
2021-08-04 16:25:44,153 [Worker-36: Searching...] INFO  o.e.m.c.i.e.AbstractTransferListenerAdapter - Downloaded https://repo.maven.apache.org/maven2/io/takari/m2e/workspace/org.eclipse.m2e.workspace.cli/0.3.1/org.eclipse.m2e.workspace.cli-0.3.1-sources.jar
2021-08-04 16:25:44,823 [Worker-36: Searching...] INFO  o.e.m.c.i.e.AbstractTransferListenerAdapter - Downloading https://repo.maven.apache.org/maven2/org/codehaus/plexus/plexus-classworlds/2.6.0/plexus-classworlds-2.6.0-sources.jar
2021-08-04 16:25:45,158 [Worker-36: Searching...] INFO  o.e.m.c.i.e.AbstractTransferListenerAdapter - Downloaded https://repo.maven.apache.org/maven2/org/codehaus/plexus/plexus-classworlds/2.6.0/plexus-classworlds-2.6.0-sources.jar
2021-08-04 16:25:45,866 [Worker-36: Searching...] INFO  o.e.m.c.i.e.AbstractTransferListenerAdapter - Downloading https://repo.maven.apache.org/maven2/org/apache/maven/maven-core/3.8.1/maven-core-3.8.1-sources.jar
2021-08-04 16:25:46,711 [Worker-36: Searching...] INFO  o.e.m.c.i.e.AbstractTransferListenerAdapter - Downloaded https://repo.maven.apache.org/maven2/org/apache/maven/maven-core/3.8.1/maven-core-3.8.1-sources.jar
2021-08-04 16:25:47,341 [Worker-36: Searching...] INFO  o.e.m.c.i.e.AbstractTransferListenerAdapter - Downloading https://repo.maven.apache.org/maven2/org/apache/maven/maven-model/3.8.1/maven-model-3.8.1-sources.jar
2021-08-04 16:25:47,809 [Worker-36: Searching...] INFO  o.e.m.c.i.e.AbstractTransferListenerAdapter - Downloaded https://repo.maven.apache.org/maven2/org/apache/maven/maven-model/3.8.1/maven-model-3.8.1-sources.jar
2021-08-04 16:25:48,473 [Worker-36: Searching...] INFO  o.e.m.c.i.e.AbstractTransferListenerAdapter - Downloading https://repo.maven.apache.org/maven2/org/apache/maven/maven-settings/3.8.1/maven-settings-3.8.1-sources.jar
2021-08-04 16:25:48,791 [Worker-36: Searching...] INFO  o.e.m.c.i.e.AbstractTransferListenerAdapter - Downloaded https://repo.maven.apache.org/maven2/org/apache/maven/maven-settings/3.8.1/maven-settings-3.8.1-sources.jar
2021-08-04 16:25:49,437 [Worker-36: Searching...] INFO  o.e.m.c.i.e.AbstractTransferListenerAdapter - Downloading https://repo.maven.apache.org/maven2/org/apache/maven/maven-settings-builder/3.8.1/maven-settings-builder-3.8.1-sources.jar
2021-08-04 16:25:49,889 [Worker-36: Searching...] INFO  o.e.m.c.i.e.AbstractTransferListenerAdapter - Downloaded https://repo.maven.apache.org/maven2/org/apache/maven/maven-settings-builder/3.8.1/maven-settings-builder-3.8.1-sources.jar
2021-08-04 16:25:50,533 [Worker-36: Searching...] INFO  o.e.m.c.i.e.AbstractTransferListenerAdapter - Downloading https://repo.maven.apache.org/maven2/org/apache/maven/maven-builder-support/3.8.1/maven-builder-support-3.8.1-sources.jar
2021-08-04 16:25:50,846 [Worker-36: Searching...] INFO  o.e.m.c.i.e.AbstractTransferListenerAdapter - Downloaded https://repo.maven.apache.org/maven2/org/apache/maven/maven-builder-support/3.8.1/maven-builder-support-3.8.1-sources.jar
2021-08-04 16:25:51,500 [Worker-36: Searching...] INFO  o.e.m.c.i.e.AbstractTransferListenerAdapter - Downloading https://repo.maven.apache.org/maven2/org/apache/maven/maven-repository-metadata/3.8.1/maven-repository-metadata-3.8.1-sources.jar
2021-08-04 16:25:51,822 [Worker-36: Searching...] INFO  o.e.m.c.i.e.AbstractTransferListenerAdapter - Downloaded https://repo.maven.apache.org/maven2/org/apache/maven/maven-repository-metadata/3.8.1/maven-repository-metadata-3.8.1-sources.jar
2021-08-04 16:25:52,901 [Worker-36: Searching...] INFO  o.e.m.c.i.e.AbstractTransferListenerAdapter - Downloading https://repo.maven.apache.org/maven2/org/apache/maven/maven-artifact/3.8.1/maven-artifact-3.8.1-sources.jar
2021-08-04 16:25:53,270 [Worker-36: Searching...] INFO  o.e.m.c.i.e.AbstractTransferListenerAdapter - Downloaded https://repo.maven.apache.org/maven2/org/apache/maven/maven-artifact/3.8.1/maven-artifact-3.8.1-sources.jar
2021-08-04 16:25:53,955 [Worker-36: Searching...] INFO  o.e.m.c.i.e.AbstractTransferListenerAdapter - Downloading https://repo.maven.apache.org/maven2/org/apache/maven/maven-plugin-api/3.8.1/maven-plugin-api-3.8.1-sources.jar
2021-08-04 16:25:54,283 [Worker-36: Searching...] INFO  o.e.m.c.i.e.AbstractTransferListenerAdapter - Downloaded https://repo.maven.apache.org/maven2/org/apache/maven/maven-plugin-api/3.8.1/maven-plugin-api-3.8.1-sources.jar
2021-08-04 16:25:55,044 [Worker-36: Searching...] INFO  o.e.m.c.i.e.AbstractTransferListenerAdapter - Downloading https://repo.maven.apache.org/maven2/org/apache/maven/maven-model-builder/3.8.1/maven-model-builder-3.8.1-sources.jar
2021-08-04 16:25:55,703 [Worker-36: Searching...] INFO  o.e.m.c.i.e.AbstractTransferListenerAdapter - Downloaded https://repo.maven.apache.org/maven2/org/apache/maven/maven-model-builder/3.8.1/maven-model-builder-3.8.1-sources.jar
2021-08-04 16:25:56,390 [Worker-36: Searching...] INFO  o.e.m.c.i.e.AbstractTransferListenerAdapter - Downloading https://repo.maven.apache.org/maven2/org/apache/maven/maven-resolver-provider/3.8.1/maven-resolver-provider-3.8.1-sources.jar
2021-08-04 16:25:56,714 [Worker-36: Searching...] INFO  o.e.m.c.i.e.AbstractTransferListenerAdapter - Downloaded https://repo.maven.apache.org/maven2/org/apache/maven/maven-resolver-provider/3.8.1/maven-resolver-provider-3.8.1-sources.jar
2021-08-04 16:25:57,414 [Worker-36: Searching...] INFO  o.e.m.c.i.e.AbstractTransferListenerAdapter - Downloading https://repo.maven.apache.org/maven2/org/apache/maven/resolver/maven-resolver-api/1.6.2/maven-resolver-api-1.6.2-sources.jar
2021-08-04 16:25:58,113 [Worker-36: Searching...] INFO  o.e.m.c.i.e.AbstractTransferListenerAdapter - Downloaded https://repo.maven.apache.org/maven2/org/apache/maven/resolver/maven-resolver-api/1.6.2/maven-resolver-api-1.6.2-sources.jar
2021-08-04 16:25:58,770 [Worker-36: Searching...] INFO  o.e.m.c.i.e.AbstractTransferListenerAdapter - Downloading https://repo.maven.apache.org/maven2/org/apache/maven/resolver/maven-resolver-spi/1.6.2/maven-resolver-spi-1.6.2-sources.jar
2021-08-04 16:25:59,286 [Worker-36: Searching...] INFO  o.e.m.c.i.e.AbstractTransferListenerAdapter - Downloaded https://repo.maven.apache.org/maven2/org/apache/maven/resolver/maven-resolver-spi/1.6.2/maven-resolver-spi-1.6.2-sources.jar
2021-08-04 16:25:59,939 [Worker-36: Searching...] INFO  o.e.m.c.i.e.AbstractTransferListenerAdapter - Downloading https://repo.maven.apache.org/maven2/org/apache/maven/resolver/maven-resolver-util/1.6.2/maven-resolver-util-1.6.2-sources.jar
2021-08-04 16:26:00,500 [Worker-36: Searching...] INFO  o.e.m.c.i.e.AbstractTransferListenerAdapter - Downloaded https://repo.maven.apache.org/maven2/org/apache/maven/resolver/maven-resolver-util/1.6.2/maven-resolver-util-1.6.2-sources.jar
2021-08-04 16:26:01,158 [Worker-36: Searching...] INFO  o.e.m.c.i.e.AbstractTransferListenerAdapter - Downloading https://repo.maven.apache.org/maven2/org/apache/maven/shared/maven-shared-utils/3.2.1/maven-shared-utils-3.2.1-sources.jar
2021-08-04 16:26:01,658 [Worker-36: Searching...] INFO  o.e.m.c.i.e.AbstractTransferListenerAdapter - Downloaded https://repo.maven.apache.org/maven2/org/apache/maven/shared/maven-shared-utils/3.2.1/maven-shared-utils-3.2.1-sources.jar
2021-08-04 16:26:02,291 [Worker-36: Searching...] INFO  o.e.m.c.i.e.AbstractTransferListenerAdapter - Downloading https://repo.maven.apache.org/maven2/commons-io/commons-io/2.5/commons-io-2.5-sources.jar
2021-08-04 16:26:02,962 [Worker-36: Searching...] INFO  o.e.m.c.i.e.AbstractTransferListenerAdapter - Downloaded https://repo.maven.apache.org/maven2/commons-io/commons-io/2.5/commons-io-2.5-sources.jar
2021-08-04 16:26:03,601 [Worker-36: Searching...] INFO  o.e.m.c.i.e.AbstractTransferListenerAdapter - Downloading https://repo.maven.apache.org/maven2/org/codehaus/plexus/plexus-utils/3.2.1/plexus-utils-3.2.1-sources.jar
2021-08-04 16:26:04,243 [Worker-36: Searching...] INFO  o.e.m.c.i.e.AbstractTransferListenerAdapter - Downloaded https://repo.maven.apache.org/maven2/org/codehaus/plexus/plexus-utils/3.2.1/plexus-utils-3.2.1-sources.jar
2021-08-04 16:26:04,897 [Worker-36: Searching...] INFO  o.e.m.c.i.e.AbstractTransferListenerAdapter - Downloading https://repo.maven.apache.org/maven2/org/codehaus/plexus/plexus-component-annotations/2.1.0/plexus-component-annotations-2.1.0-sources.jar
2021-08-04 16:26:05,225 [Worker-36: Searching...] INFO  o.e.m.c.i.e.AbstractTransferListenerAdapter - Downloaded https://repo.maven.apache.org/maven2/org/codehaus/plexus/plexus-component-annotations/2.1.0/plexus-component-annotations-2.1.0-sources.jar
2021-08-04 16:26:06,476 [Worker-36: Searching...] INFO  o.e.m.c.i.e.AbstractTransferListenerAdapter - Downloading https://repo.maven.apache.org/maven2/org/apache/commons/commons-lang3/3.8.1/commons-lang3-3.8.1-sources.jar
2021-08-04 16:26:07,474 [Worker-36: Searching...] INFO  o.e.m.c.i.e.AbstractTransferListenerAdapter - Downloaded https://repo.maven.apache.org/maven2/org/apache/commons/commons-lang3/3.8.1/commons-lang3-3.8.1-sources.jar
2021-08-04 16:26:08,110 [Worker-36: Searching...] INFO  o.e.m.c.i.e.AbstractTransferListenerAdapter - Downloading https://repo.maven.apache.org/maven2/org/apache/maven/maven-embedder/3.8.1/maven-embedder-3.8.1-sources.jar
2021-08-04 16:26:08,451 [Worker-36: Searching...] INFO  o.e.m.c.i.e.AbstractTransferListenerAdapter - Downloaded https://repo.maven.apache.org/maven2/org/apache/maven/maven-embedder/3.8.1/maven-embedder-3.8.1-sources.jar
2021-08-04 16:26:09,080 [Worker-36: Searching...] INFO  o.e.m.c.i.e.AbstractTransferListenerAdapter - Downloading https://repo.maven.apache.org/maven2/org/sonatype/plexus/plexus-sec-dispatcher/1.4/plexus-sec-dispatcher-1.4-sources.jar
2021-08-04 16:26:09,430 [Worker-36: Searching...] INFO  o.e.m.c.i.e.AbstractTransferListenerAdapter - Downloaded https://repo.maven.apache.org/maven2/org/sonatype/plexus/plexus-sec-dispatcher/1.4/plexus-sec-dispatcher-1.4-sources.jar
2021-08-04 16:26:10,081 [Worker-36: Searching...] INFO  o.e.m.c.i.e.AbstractTransferListenerAdapter - Downloading https://repo.maven.apache.org/maven2/org/sonatype/plexus/plexus-cipher/1.7/plexus-cipher-1.7-sources.jar
2021-08-04 16:26:10,703 [Worker-36: Searching...] INFO  o.e.m.c.i.e.AbstractTransferListenerAdapter - Downloaded https://repo.maven.apache.org/maven2/org/sonatype/plexus/plexus-cipher/1.7/plexus-cipher-1.7-sources.jar
2021-08-04 16:26:11,361 [Worker-36: Searching...] INFO  o.e.m.c.i.e.AbstractTransferListenerAdapter - Downloading https://repo.maven.apache.org/maven2/commons-cli/commons-cli/1.4/commons-cli-1.4-sources.jar
2021-08-04 16:26:11,718 [Worker-36: Searching...] INFO  o.e.m.c.i.e.AbstractTransferListenerAdapter - Downloaded https://repo.maven.apache.org/maven2/commons-cli/commons-cli/1.4/commons-cli-1.4-sources.jar
2021-08-04 16:26:12,588 [Worker-36: Searching...] INFO  o.e.m.c.i.e.AbstractTransferListenerAdapter - Downloading https://repo.maven.apache.org/maven2/org/apache/maven/maven-compat/3.8.1/maven-compat-3.8.1-sources.jar
2021-08-04 16:26:13,807 [Worker-36: Searching...] INFO  o.e.m.c.i.e.AbstractTransferListenerAdapter - Downloaded https://repo.maven.apache.org/maven2/org/apache/maven/maven-compat/3.8.1/maven-compat-3.8.1-sources.jar
2021-08-04 16:26:14,441 [Worker-36: Searching...] INFO  o.e.m.c.i.e.AbstractTransferListenerAdapter - Downloading https://repo.maven.apache.org/maven2/org/codehaus/plexus/plexus-interpolation/1.25/plexus-interpolation-1.25-sources.jar
2021-08-04 16:26:14,841 [Worker-36: Searching...] INFO  o.e.m.c.i.e.AbstractTransferListenerAdapter - Downloaded https://repo.maven.apache.org/maven2/org/codehaus/plexus/plexus-interpolation/1.25/plexus-interpolation-1.25-sources.jar
2021-08-04 16:26:15,543 [Worker-36: Searching...] INFO  o.e.m.c.i.e.AbstractTransferListenerAdapter - Downloading https://repo.maven.apache.org/maven2/org/apache/maven/wagon/wagon-provider-api/3.4.3/wagon-provider-api-3.4.3-sources.jar
2021-08-04 16:26:15,931 [Worker-36: Searching...] INFO  o.e.m.c.i.e.AbstractTransferListenerAdapter - Downloaded https://repo.maven.apache.org/maven2/org/apache/maven/wagon/wagon-provider-api/3.4.3/wagon-provider-api-3.4.3-sources.jar
2021-08-04 16:26:16,628 [Worker-36: Searching...] INFO  o.e.m.c.i.e.AbstractTransferListenerAdapter - Downloading https://repo.maven.apache.org/maven2/javax/enterprise/cdi-api/1.0/cdi-api-1.0-sources.jar
2021-08-04 16:26:17,018 [Worker-36: Searching...] INFO  o.e.m.c.i.e.AbstractTransferListenerAdapter - Downloaded https://repo.maven.apache.org/maven2/javax/enterprise/cdi-api/1.0/cdi-api-1.0-sources.jar
2021-08-04 16:26:17,679 [Worker-36: Searching...] INFO  o.e.m.c.i.e.AbstractTransferListenerAdapter - Downloading https://repo.maven.apache.org/maven2/io/takari/aether/aether-connector-okhttp/0.17.8/aether-connector-okhttp-0.17.8-sources.jar
2021-08-04 16:26:17,993 [Worker-36: Searching...] INFO  o.e.m.c.i.e.AbstractTransferListenerAdapter - Downloaded https://repo.maven.apache.org/maven2/io/takari/aether/aether-connector-okhttp/0.17.8/aether-connector-okhttp-0.17.8-sources.jar
2021-08-04 16:26:19,069 [Worker-36: Searching...] INFO  o.e.m.c.i.e.AbstractTransferListenerAdapter - Downloading https://repo.maven.apache.org/maven2/com/squareup/okhttp3/okhttp/3.14.1/okhttp-3.14.1-sources.jar
2021-08-04 16:26:19,849 [Worker-36: Searching...] INFO  o.e.m.c.i.e.AbstractTransferListenerAdapter - Downloaded https://repo.maven.apache.org/maven2/com/squareup/okhttp3/okhttp/3.14.1/okhttp-3.14.1-sources.jar
2021-08-04 16:26:20,516 [Worker-36: Searching...] INFO  o.e.m.c.i.e.AbstractTransferListenerAdapter - Downloading https://repo.maven.apache.org/maven2/com/squareup/okio/okio/1.17.3/okio-1.17.3-sources.jar
2021-08-04 16:26:20,886 [Worker-36: Searching...] INFO  o.e.m.c.i.e.AbstractTransferListenerAdapter - Downloaded https://repo.maven.apache.org/maven2/com/squareup/okio/okio/1.17.3/okio-1.17.3-sources.jar
2021-08-04 16:26:21,503 [Worker-36: Searching...] INFO  o.e.m.c.i.e.AbstractTransferListenerAdapter - Downloading https://repo.maven.apache.org/maven2/org/apache/maven/resolver/maven-resolver-impl/1.6.2/maven-resolver-impl-1.6.2-sources.jar
2021-08-04 16:26:21,938 [Worker-36: Searching...] INFO  o.e.m.c.i.e.AbstractTransferListenerAdapter - Downloaded https://repo.maven.apache.org/maven2/org/apache/maven/resolver/maven-resolver-impl/1.6.2/maven-resolver-impl-1.6.2-sources.jar
2021-08-04 16:26:22,570 [Worker-36: Searching...] INFO  o.e.m.c.i.e.AbstractTransferListenerAdapter - Downloading https://repo.maven.apache.org/maven2/org/apache/maven/resolver/maven-resolver-connector-basic/1.6.2/maven-resolver-connector-basic-1.6.2-sources.jar
2021-08-04 16:26:22,903 [Worker-36: Searching...] INFO  o.e.m.c.i.e.AbstractTransferListenerAdapter - Downloaded https://repo.maven.apache.org/maven2/org/apache/maven/resolver/maven-resolver-connector-basic/1.6.2/maven-resolver-connector-basic-1.6.2-sources.jar
2021-08-04 16:26:23,764 [Worker-36: Searching...] INFO  o.e.m.c.i.e.AbstractTransferListenerAdapter - Downloading https://repo.maven.apache.org/maven2/org/apache/maven/resolver/maven-resolver-transport-wagon/1.6.2/maven-resolver-transport-wagon-1.6.2-sources.jar
2021-08-04 16:26:24,121 [Worker-36: Searching...] INFO  o.e.m.c.i.e.AbstractTransferListenerAdapter - Downloaded https://repo.maven.apache.org/maven2/org/apache/maven/resolver/maven-resolver-transport-wagon/1.6.2/maven-resolver-transport-wagon-1.6.2-sources.jar
2021-08-04 16:26:24,755 [Worker-36: Searching...] INFO  o.e.m.c.i.e.AbstractTransferListenerAdapter - Downloading https://repo.maven.apache.org/maven2/org/apache/maven/wagon/wagon-file/3.4.3/wagon-file-3.4.3-sources.jar
2021-08-04 16:26:25,080 [Worker-36: Searching...] INFO  o.e.m.c.i.e.AbstractTransferListenerAdapter - Downloaded https://repo.maven.apache.org/maven2/org/apache/maven/wagon/wagon-file/3.4.3/wagon-file-3.4.3-sources.jar
2021-08-04 16:26:25,924 [Worker-36: Searching...] INFO  o.e.m.c.i.e.AbstractTransferListenerAdapter - Downloading https://repo.maven.apache.org/maven2/org/fusesource/hawtjni/hawtjni-runtime/1.16/hawtjni-runtime-1.16-sources.jar
2021-08-04 16:26:26,237 [Worker-36: Searching...] INFO  o.e.m.c.i.e.AbstractTransferListenerAdapter - Downloaded https://repo.maven.apache.org/maven2/org/fusesource/hawtjni/hawtjni-runtime/1.16/hawtjni-runtime-1.16-sources.jar
2021-08-04 16:26:26,902 [Worker-36: Searching...] INFO  o.e.m.c.i.e.AbstractTransferListenerAdapter - Downloading https://repo.maven.apache.org/maven2/org/fusesource/jansi/jansi-freebsd32/1.8/jansi-freebsd32-1.8-sources.jar
2021-08-04 16:26:27,244 [Worker-36: Searching...] INFO  o.e.m.c.i.e.AbstractTransferListenerAdapter - Downloaded https://repo.maven.apache.org/maven2/org/fusesource/jansi/jansi-freebsd32/1.8/jansi-freebsd32-1.8-sources.jar
2021-08-04 16:26:27,866 [Worker-36: Searching...] INFO  o.e.m.c.i.e.AbstractTransferListenerAdapter - Downloading https://repo.maven.apache.org/maven2/org/fusesource/jansi/jansi-freebsd64/1.8/jansi-freebsd64-1.8-sources.jar
2021-08-04 16:26:28,208 [Worker-36: Searching...] INFO  o.e.m.c.i.e.AbstractTransferListenerAdapter - Downloaded https://repo.maven.apache.org/maven2/org/fusesource/jansi/jansi-freebsd64/1.8/jansi-freebsd64-1.8-sources.jar
2021-08-04 16:26:28,892 [Worker-36: Searching...] INFO  o.e.m.c.i.e.AbstractTransferListenerAdapter - Downloading https://repo.maven.apache.org/maven2/org/fusesource/jansi/jansi-linux32/1.8/jansi-linux32-1.8-sources.jar
2021-08-04 16:26:29,230 [Worker-36: Searching...] INFO  o.e.m.c.i.e.AbstractTransferListenerAdapter - Downloaded https://repo.maven.apache.org/maven2/org/fusesource/jansi/jansi-linux32/1.8/jansi-linux32-1.8-sources.jar
2021-08-04 16:26:30,073 [Worker-36: Searching...] INFO  o.e.m.c.i.e.AbstractTransferListenerAdapter - Downloading https://repo.maven.apache.org/maven2/org/fusesource/jansi/jansi-linux64/1.8/jansi-linux64-1.8-sources.jar
2021-08-04 16:26:30,402 [Worker-36: Searching...] INFO  o.e.m.c.i.e.AbstractTransferListenerAdapter - Downloaded https://repo.maven.apache.org/maven2/org/fusesource/jansi/jansi-linux64/1.8/jansi-linux64-1.8-sources.jar
2021-08-04 16:26:31,080 [Worker-36: Searching...] INFO  o.e.m.c.i.e.AbstractTransferListenerAdapter - Downloading https://repo.maven.apache.org/maven2/org/fusesource/jansi/jansi-native/1.8/jansi-native-1.8-sources.jar
2021-08-04 16:26:31,426 [Worker-36: Searching...] INFO  o.e.m.c.i.e.AbstractTransferListenerAdapter - Downloaded https://repo.maven.apache.org/maven2/org/fusesource/jansi/jansi-native/1.8/jansi-native-1.8-sources.jar
2021-08-04 16:26:32,036 [Worker-36: Searching...] INFO  o.e.m.c.i.e.AbstractTransferListenerAdapter - Downloading https://repo.maven.apache.org/maven2/org/fusesource/jansi/jansi-osx/1.8/jansi-osx-1.8-sources.jar
2021-08-04 16:26:32,373 [Worker-36: Searching...] INFO  o.e.m.c.i.e.AbstractTransferListenerAdapter - Downloaded https://repo.maven.apache.org/maven2/org/fusesource/jansi/jansi-osx/1.8/jansi-osx-1.8-sources.jar
2021-08-04 16:26:33,038 [Worker-36: Searching...] INFO  o.e.m.c.i.e.AbstractTransferListenerAdapter - Downloading https://repo.maven.apache.org/maven2/org/fusesource/jansi/jansi-windows32/1.8/jansi-windows32-1.8-sources.jar
2021-08-04 16:26:33,385 [Worker-36: Searching...] INFO  o.e.m.c.i.e.AbstractTransferListenerAdapter - Downloaded https://repo.maven.apache.org/maven2/org/fusesource/jansi/jansi-windows32/1.8/jansi-windows32-1.8-sources.jar
2021-08-04 16:26:34,036 [Worker-36: Searching...] INFO  o.e.m.c.i.e.AbstractTransferListenerAdapter - Downloading https://repo.maven.apache.org/maven2/org/fusesource/jansi/jansi-windows64/1.8/jansi-windows64-1.8-sources.jar
2021-08-04 16:26:34,353 [Worker-36: Searching...] INFO  o.e.m.c.i.e.AbstractTransferListenerAdapter - Downloaded https://repo.maven.apache.org/maven2/org/fusesource/jansi/jansi-windows64/1.8/jansi-windows64-1.8-sources.jar
2021-08-04 16:26:35,008 [Worker-36: Searching...] INFO  o.e.m.c.i.e.AbstractTransferListenerAdapter - Downloading https://repo.maven.apache.org/maven2/org/fusesource/jansi/jansi/1.17.1/jansi-1.17.1-sources.jar
2021-08-04 16:26:35,336 [Worker-36: Searching...] INFO  o.e.m.c.i.e.AbstractTransferListenerAdapter - Downloaded https://repo.maven.apache.org/maven2/org/fusesource/jansi/jansi/1.17.1/jansi-1.17.1-sources.jar
2021-08-04 16:26:36,452 [Worker-36: Searching...] INFO  o.e.m.c.i.e.AbstractTransferListenerAdapter - Downloading https://repo.maven.apache.org/maven2/com/google/guava/guava/30.1-jre/guava-30.1-jre-sources.jar
2021-08-04 16:26:37,767 [Worker-36: Searching...] INFO  o.e.m.c.i.e.AbstractTransferListenerAdapter - Downloaded https://repo.maven.apache.org/maven2/com/google/guava/guava/30.1-jre/guava-30.1-jre-sources.jar
2021-08-04 16:26:38,433 [Worker-36: Searching...] INFO  o.e.m.c.i.e.AbstractTransferListenerAdapter - Downloading https://repo.maven.apache.org/maven2/com/google/guava/failureaccess/1.0.1/failureaccess-1.0.1-sources.jar
2021-08-04 16:26:38,766 [Worker-36: Searching...] INFO  o.e.m.c.i.e.AbstractTransferListenerAdapter - Downloaded https://repo.maven.apache.org/maven2/com/google/guava/failureaccess/1.0.1/failureaccess-1.0.1-sources.jar
2021-08-04 16:26:39,426 [Worker-36: Searching...] INFO  o.e.m.c.i.e.AbstractTransferListenerAdapter - Downloaded https://repo.maven.apache.org/maven2/com/google/guava/listenablefuture/9999.0-empty-to-avoid-conflict-with-guava/listenablefuture-9999.0-empty-to-avoid-conflict-with-guava-sources.jar
2021-08-04 16:26:40,057 [Worker-36: Searching...] INFO  o.e.m.c.i.e.AbstractTransferListenerAdapter - Downloading https://repo.maven.apache.org/maven2/com/google/code/findbugs/jsr305/3.0.2/jsr305-3.0.2-sources.jar
2021-08-04 16:26:40,376 [Worker-36: Searching...] INFO  o.e.m.c.i.e.AbstractTransferListenerAdapter - Downloaded https://repo.maven.apache.org/maven2/com/google/code/findbugs/jsr305/3.0.2/jsr305-3.0.2-sources.jar
2021-08-04 16:26:40,753 [main] INFO  o.e.m2e.actions.ExecutePomAction - Creating new launch configuration
2021-08-04 16:26:41,011 [Worker-36: Searching...] INFO  o.e.m.c.i.e.AbstractTransferListenerAdapter - Downloading https://repo.maven.apache.org/maven2/com/google/errorprone/error_prone_annotations/2.3.4/error_prone_annotations-2.3.4-sources.jar
2021-08-04 16:26:41,335 [Worker-36: Searching...] INFO  o.e.m.c.i.e.AbstractTransferListenerAdapter - Downloaded https://repo.maven.apache.org/maven2/com/google/errorprone/error_prone_annotations/2.3.4/error_prone_annotations-2.3.4-sources.jar
2021-08-04 16:26:41,973 [Worker-36: Searching...] INFO  o.e.m.c.i.e.AbstractTransferListenerAdapter - Downloading https://repo.maven.apache.org/maven2/com/google/j2objc/j2objc-annotations/1.3/j2objc-annotations-1.3-sources.jar
2021-08-04 16:26:42,310 [Worker-36: Searching...] INFO  o.e.m.c.i.e.AbstractTransferListenerAdapter - Downloaded https://repo.maven.apache.org/maven2/com/google/j2objc/j2objc-annotations/1.3/j2objc-annotations-1.3-sources.jar
2021-08-04 16:26:42,945 [Worker-36: Searching...] INFO  o.e.m.c.i.e.AbstractTransferListenerAdapter - Downloading https://repo.maven.apache.org/maven2/org/slf4j/slf4j-simple/1.7.5/slf4j-simple-1.7.5-sources.jar
2021-08-04 16:26:43,257 [Worker-36: Searching...] INFO  o.e.m.c.i.e.AbstractTransferListenerAdapter - Downloaded https://repo.maven.apache.org/maven2/org/slf4j/slf4j-simple/1.7.5/slf4j-simple-1.7.5-sources.jar
2021-08-04 16:29:18,977 [Worker-36: Launching SonarQube (1)] INFO  o.e.m.i.launch.MavenLaunchDelegate - C:\Users\d976833\DB_Bootcamp\Desktop\Bootcamp\Lecture 12\SonarQube
2021-08-04 16:29:18,978 [Worker-36: Launching SonarQube (1)] INFO  o.e.m.i.launch.MavenLaunchDelegate -  mvn -B mvn sonar:sonar -Dsonar.projectKey=My_Project_sample -Dsonar.host.url=http://localhost:9000 -Dsonar.login=0018bf19633f4e8bbcfda132760a1a6747dd3e5d
2021-08-04 16:31:51,198 [main] INFO  o.e.m2e.actions.ExecutePomAction - Creating new launch configuration
2021-08-04 16:31:55,088 [Worker-41: Launching SonarQube (2)] INFO  o.e.m.i.launch.MavenLaunchDelegate - C:\Users\d976833\DB_Bootcamp\Desktop\Bootcamp\Lecture 12\SonarQube
2021-08-04 16:31:55,088 [Worker-41: Launching SonarQube (2)] INFO  o.e.m.i.launch.MavenLaunchDelegate -  mvn -B mvn sonar:sonar -Dsonar.projectKey=My_Project_sample -Dsonar.host.url=http://localhost:9000 -Dsonar.login=0018bf19633f4e8bbcfda132760a1a6747dd3e5d
2021-08-04 16:32:28,097 [main] INFO  o.e.m2e.actions.ExecutePomAction - Creating new launch configuration
2021-08-04 16:32:31,116 [Worker-44: Launching SonarQube (3)] INFO  o.e.m.i.launch.MavenLaunchDelegate - C:\Users\d976833\DB_Bootcamp\Desktop\Bootcamp\Lecture 12\SonarQube
2021-08-04 16:32:31,117 [Worker-44: Launching SonarQube (3)] INFO  o.e.m.i.launch.MavenLaunchDelegate -  mvn -B mvn sonar:sonar -Dsonar.projectKey=My_Project_sample -Dsonar.host.url=http://localhost:9000 -Dsonar.login=0018bf19633f4e8bbcfda132760a1a6747dd3e5d
2021-08-04 16:32:41,805 [main] INFO  o.e.m2e.actions.ExecutePomAction - Creating new launch configuration
2021-08-04 16:32:48,544 [Worker-45: Launching SonarQube (4)] INFO  o.e.m.i.launch.MavenLaunchDelegate - C:\Users\d976833\DB_Bootcamp\Desktop\Bootcamp\Lecture 12\SonarQube
2021-08-04 16:32:48,544 [Worker-45: Launching SonarQube (4)] INFO  o.e.m.i.launch.MavenLaunchDelegate -  mvn -B mvn sonar:sonar -Dsonar.projectKey=My_Project_sample -Dsonar.host.url=http://localhost:9000 -Dsonar.login=0018bf19633f4e8bbcfda132760a1a6747dd3e5d
2021-08-04 16:35:32,558 [main] INFO  o.e.m2e.actions.ExecutePomAction - Creating new launch configuration
2021-08-04 16:35:46,724 [Worker-48: Launching SonarQube (5)] INFO  o.e.m.i.launch.MavenLaunchDelegate - C:\Users\d976833\DB_Bootcamp\Desktop\Bootcamp\Lecture 12\SonarQube
2021-08-04 16:35:46,724 [Worker-48: Launching SonarQube (5)] INFO  o.e.m.i.launch.MavenLaunchDelegate -  mvn -B sonar:sonar -Dsonar.projectKey=My_Project_sample -Dsonar.host.url=http://localhost:9000 -Dsonar.login=0018bf19633f4e8bbcfda132760a1a6747dd3e5d
2021-08-05 09:12:41,635 [Worker-3: Loading available Gradle versions] INFO  o.e.b.c.i.u.g.PublishedGradleVersions - Gradle version information cache is up-to-date. Trying to read.
2021-08-05 09:16:14,304 [Worker-5: Loading available Gradle versions] INFO  o.e.b.c.i.u.g.PublishedGradleVersions - Gradle version information cache is up-to-date. Trying to read.
2021-08-05 09:21:03,249 [Worker-3: Loading available Gradle versions] INFO  o.e.b.c.i.u.g.PublishedGradleVersions - Gradle version information cache is up-to-date. Trying to read.
2021-08-05 09:23:07,330 [Worker-8: Loading available Gradle versions] INFO  o.e.b.c.i.u.g.PublishedGradleVersions - Gradle version information cache is up-to-date. Trying to read.
2021-08-05 09:39:53,978 [Worker-3: Loading available Gradle versions] INFO  o.e.b.c.i.u.g.PublishedGradleVersions - Gradle version information cache is up-to-date. Trying to read.
2021-08-05 09:41:16,113 [Worker-17: Building] INFO  o.e.m.c.i.embedder.EclipseLogger - Using 'UTF-8' encoding to copy filtered resources.
2021-08-05 09:41:16,116 [Worker-17: Building] INFO  o.e.m.c.i.embedder.EclipseLogger - skip non existing resourceDirectory C:\Users\d976833\DB_Bootcamp\Desktop\Bootcamp\Lecture 12\SonarQube\src\main\resources
2021-08-05 09:41:16,123 [Worker-17: Building] INFO  o.e.m.c.i.embedder.EclipseLogger - Using 'UTF-8' encoding to copy filtered resources.
2021-08-05 09:41:16,124 [Worker-17: Building] INFO  o.e.m.c.i.embedder.EclipseLogger - skip non existing resourceDirectory C:\Users\d976833\DB_Bootcamp\Desktop\Bootcamp\Lecture 12\SonarQube\src\test\resources
2021-08-06 14:48:30,265 [Worker-6: Loading available Gradle versions] INFO  o.e.b.c.i.u.g.PublishedGradleVersions - Gradle version information cache is out-of-date. Trying to update.
2021-08-06 14:52:19,873 [Worker-15: Launching SonarQube (5)] INFO  o.e.m.i.launch.MavenLaunchDelegate - C:\Users\d976833\DB_Bootcamp\Desktop\Bootcamp\Lecture 12\SonarQube
2021-08-06 14:52:19,888 [Worker-15: Launching SonarQube (5)] INFO  o.e.m.i.launch.MavenLaunchDelegate -  mvn -B sonar:sonar -Dsonar.projectKey=My_Project_sample -Dsonar.host.url=http://localhost:9000 -Dsonar.login=0018bf19633f4e8bbcfda132760a1a6747dd3e5d
2021-08-06 14:52:42,164 [Worker-0: Launching SonarQube (5)] INFO  o.e.m.i.launch.MavenLaunchDelegate - C:\Users\d976833\DB_Bootcamp\Desktop\Bootcamp\Lecture 12\SonarQube
2021-08-06 14:52:42,164 [Worker-0: Launching SonarQube (5)] INFO  o.e.m.i.launch.MavenLaunchDelegate -  mvn -B sonar:sonar -Dsonar.projectKey=My_Project_sample -Dsonar.host.url=http://localhost:9000 -Dsonar.login=0018bf19633f4e8bbcfda132760a1a6747dd3e5d
